2025-04-01 11:45:19 [main] INFO  com.backend.demo.DemoApplication - Starting DemoApplication using Java 23.0.2 with PID 19628 (C:\Users\Anmol Sinha\Downloads\Backend_producer-main\Backend_producer-main\target\classes started by Anmol Sinha in C:\Users\Anmol Sinha\Downloads\Backend_producer-main)
2025-04-01 11:45:19 [main] INFO  com.backend.demo.DemoApplication - No active profile set, falling back to 1 default profile: "default"
2025-04-01 11:45:20 [main] INFO  org.springframework.data.repository.config.RepositoryConfigurationDelegate - Multiple Spring Data modules found, entering strict repository configuration mode
2025-04-01 11:45:20 [main] INFO  org.springframework.data.repository.config.RepositoryConfigurationDelegate - Bootstrapping Spring Data JPA repositories in DEFAULT mode.
2025-04-01 11:45:20 [main] INFO  org.springframework.data.repository.config.RepositoryConfigurationDelegate - Finished Spring Data repository scanning in 24 ms. Found 0 JPA repository interfaces.
2025-04-01 11:45:20 [main] INFO  org.springframework.data.repository.config.RepositoryConfigurationDelegate - Multiple Spring Data modules found, entering strict repository configuration mode
2025-04-01 11:45:20 [main] INFO  org.springframework.data.repository.config.RepositoryConfigurationDelegate - Bootstrapping Spring Data Redis repositories in DEFAULT mode.
2025-04-01 11:45:20 [main] INFO  org.springframework.data.repository.config.RepositoryConfigurationDelegate - Finished Spring Data repository scanning in 4 ms. Found 0 Redis repository interfaces.
2025-04-01 11:45:21 [main] INFO  org.springframework.boot.web.embedded.tomcat.TomcatWebServer - Tomcat initialized with port 8080 (http)
2025-04-01 11:45:21 [main] INFO  org.apache.coyote.http11.Http11NioProtocol - Initializing ProtocolHandler ["http-nio-8080"]
2025-04-01 11:45:21 [main] INFO  org.apache.catalina.core.StandardService - Starting service [Tomcat]
2025-04-01 11:45:21 [main] INFO  org.apache.catalina.core.StandardEngine - Starting Servlet engine: [Apache Tomcat/10.1.31]
2025-04-01 11:45:21 [main] INFO  org.apache.catalina.core.ContainerBase.[Tomcat].[localhost].[/] - Initializing Spring embedded WebApplicationContext
2025-04-01 11:45:21 [main] INFO  org.springframework.boot.web.servlet.context.ServletWebServerApplicationContext - Root WebApplicationContext: initialization completed in 2586 ms
2025-04-01 11:45:22 [main] INFO  org.hibernate.jpa.internal.util.LogHelper - HHH000204: Processing PersistenceUnitInfo [name: default]
2025-04-01 11:45:22 [main] INFO  org.hibernate.Version - HHH000412: Hibernate ORM core version 6.5.3.Final
2025-04-01 11:45:22 [main] INFO  org.hibernate.cache.internal.RegionFactoryInitiator - HHH000026: Second-level cache disabled
2025-04-01 11:45:22 [main] INFO  org.springframework.orm.jpa.persistenceunit.SpringPersistenceUnitInfo - No LoadTimeWeaver setup: ignoring JPA class transformer
2025-04-01 11:45:22 [main] INFO  com.zaxxer.hikari.HikariDataSource - HikariPool-1 - Starting...
2025-04-01 11:45:23 [main] INFO  com.zaxxer.hikari.pool.HikariPool - HikariPool-1 - Added connection com.mysql.cj.jdbc.ConnectionImpl@7d5a0b14
2025-04-01 11:45:23 [main] INFO  com.zaxxer.hikari.HikariDataSource - HikariPool-1 - Start completed.
2025-04-01 11:45:23 [main] WARN  org.hibernate.orm.deprecation - HHH90000025: MySQLDialect does not need to be specified explicitly using 'hibernate.dialect' (remove the property setting and it will be selected by default)
2025-04-01 11:45:24 [main] INFO  org.hibernate.engine.transaction.jta.platform.internal.JtaPlatformInitiator - HHH000489: No JTA platform available (set 'hibernate.transaction.jta.platform' to enable JTA platform integration)
2025-04-01 11:45:24 [main] INFO  org.springframework.orm.jpa.LocalContainerEntityManagerFactoryBean - Initialized JPA EntityManagerFactory for persistence unit 'default'
2025-04-01 11:45:24 [main] INFO  com.backend.demo.config.RabbitMQConfig - Configuring Jackson2JsonMessageConverter for RabbitMQ
2025-04-01 11:45:24 [main] INFO  com.backend.demo.config.RabbitMQConfig - Creating Direct Exchange: complaint_exchange
2025-04-01 11:45:24 [main] INFO  com.backend.demo.config.RabbitMQConfig - Creating Queue: infrastructure_queue
2025-04-01 11:45:24 [main] INFO  com.backend.demo.config.RabbitMQConfig - Creating Queue: electricity_queue
2025-04-01 11:45:24 [main] INFO  com.backend.demo.config.RabbitMQConfig - Creating Queue: legal_queue
2025-04-01 11:45:24 [main] INFO  com.backend.demo.config.RabbitMQConfig - Binding Queue infrastructure_queue to Exchange complaint_exchange with Routing Key complaint.infrastructure
2025-04-01 11:45:24 [main] INFO  com.backend.demo.config.RabbitMQConfig - Binding Queue electricity_queue to Exchange complaint_exchange with Routing Key complaint.electricity
2025-04-01 11:45:24 [main] INFO  com.backend.demo.config.RabbitMQConfig - Binding Queue legal_queue to Exchange complaint_exchange with Routing Key complaint.legal
2025-04-01 11:45:24 [main] WARN  org.springframework.boot.autoconfigure.orm.jpa.JpaBaseConfiguration$JpaWebConfiguration - spring.jpa.open-in-view is enabled by default. Therefore, database queries may be performed during view rendering. Explicitly configure spring.jpa.open-in-view to disable this warning
2025-04-01 11:45:25 [main] INFO  org.apache.coyote.http11.Http11NioProtocol - Starting ProtocolHandler ["http-nio-8080"]
2025-04-01 11:45:25 [main] INFO  org.springframework.boot.web.embedded.tomcat.TomcatWebServer - Tomcat started on port 8080 (http) with context path '/'
2025-04-01 11:45:25 [main] INFO  com.backend.demo.DemoApplication - Started DemoApplication in 7.206 seconds (process running for 8.881)
2025-04-01 11:45:25 [main] INFO  com.backend.demo.DemoApplication - Application started...
2025-04-01 14:48:01 [main] INFO  com.backend.demo.DemoApplication - Starting DemoApplication using Java 23.0.2 with PID 27600 (C:\Users\Anmol Sinha\Downloads\Backend_producer-main\Backend_producer-main\target\classes started by Anmol Sinha in C:\Users\Anmol Sinha\Downloads\Backend_producer-main)
2025-04-01 14:48:01 [main] INFO  com.backend.demo.DemoApplication - No active profile set, falling back to 1 default profile: "default"
2025-04-01 14:48:02 [main] INFO  org.springframework.data.repository.config.RepositoryConfigurationDelegate - Multiple Spring Data modules found, entering strict repository configuration mode
2025-04-01 14:48:02 [main] INFO  org.springframework.data.repository.config.RepositoryConfigurationDelegate - Bootstrapping Spring Data JPA repositories in DEFAULT mode.
2025-04-01 14:48:02 [main] INFO  org.springframework.data.repository.config.RepositoryConfigurationDelegate - Finished Spring Data repository scanning in 18 ms. Found 0 JPA repository interfaces.
2025-04-01 14:48:02 [main] INFO  org.springframework.data.repository.config.RepositoryConfigurationDelegate - Multiple Spring Data modules found, entering strict repository configuration mode
2025-04-01 14:48:02 [main] INFO  org.springframework.data.repository.config.RepositoryConfigurationDelegate - Bootstrapping Spring Data Redis repositories in DEFAULT mode.
2025-04-01 14:48:02 [main] INFO  org.springframework.data.repository.config.RepositoryConfigurationDelegate - Finished Spring Data repository scanning in 2 ms. Found 0 Redis repository interfaces.
2025-04-01 14:48:03 [main] INFO  org.springframework.boot.web.embedded.tomcat.TomcatWebServer - Tomcat initialized with port 8080 (http)
2025-04-01 14:48:03 [main] INFO  org.apache.coyote.http11.Http11NioProtocol - Initializing ProtocolHandler ["http-nio-8080"]
2025-04-01 14:48:03 [main] INFO  org.apache.catalina.core.StandardService - Starting service [Tomcat]
2025-04-01 14:48:03 [main] INFO  org.apache.catalina.core.StandardEngine - Starting Servlet engine: [Apache Tomcat/10.1.31]
2025-04-01 14:48:03 [main] INFO  org.apache.catalina.core.ContainerBase.[Tomcat].[localhost].[/] - Initializing Spring embedded WebApplicationContext
2025-04-01 14:48:03 [main] INFO  org.springframework.boot.web.servlet.context.ServletWebServerApplicationContext - Root WebApplicationContext: initialization completed in 1871 ms
2025-04-01 14:48:03 [main] INFO  org.hibernate.jpa.internal.util.LogHelper - HHH000204: Processing PersistenceUnitInfo [name: default]
2025-04-01 14:48:03 [main] INFO  org.hibernate.Version - HHH000412: Hibernate ORM core version 6.5.3.Final
2025-04-01 14:48:03 [main] INFO  org.hibernate.cache.internal.RegionFactoryInitiator - HHH000026: Second-level cache disabled
2025-04-01 14:48:04 [main] INFO  org.springframework.orm.jpa.persistenceunit.SpringPersistenceUnitInfo - No LoadTimeWeaver setup: ignoring JPA class transformer
2025-04-01 14:48:04 [main] INFO  com.zaxxer.hikari.HikariDataSource - HikariPool-1 - Starting...
2025-04-01 14:48:05 [main] INFO  com.zaxxer.hikari.pool.HikariPool - HikariPool-1 - Added connection com.mysql.cj.jdbc.ConnectionImpl@1cab19e2
2025-04-01 14:48:05 [main] INFO  com.zaxxer.hikari.HikariDataSource - HikariPool-1 - Start completed.
2025-04-01 14:48:05 [main] WARN  org.hibernate.orm.deprecation - HHH90000025: MySQLDialect does not need to be specified explicitly using 'hibernate.dialect' (remove the property setting and it will be selected by default)
2025-04-01 14:48:06 [main] INFO  org.hibernate.engine.transaction.jta.platform.internal.JtaPlatformInitiator - HHH000489: No JTA platform available (set 'hibernate.transaction.jta.platform' to enable JTA platform integration)
2025-04-01 14:48:06 [main] INFO  org.springframework.orm.jpa.LocalContainerEntityManagerFactoryBean - Initialized JPA EntityManagerFactory for persistence unit 'default'
2025-04-01 14:48:06 [main] INFO  com.backend.demo.config.RabbitMQConfig - Configuring Jackson2JsonMessageConverter for RabbitMQ
2025-04-01 14:48:06 [main] INFO  com.backend.demo.config.RabbitMQConfig - Creating Direct Exchange: complaint_exchange
2025-04-01 14:48:06 [main] INFO  com.backend.demo.config.RabbitMQConfig - Creating Queue: infrastructure_queue
2025-04-01 14:48:06 [main] INFO  com.backend.demo.config.RabbitMQConfig - Creating Queue: electricity_queue
2025-04-01 14:48:06 [main] INFO  com.backend.demo.config.RabbitMQConfig - Creating Queue: legal_queue
2025-04-01 14:48:06 [main] INFO  com.backend.demo.config.RabbitMQConfig - Binding Queue infrastructure_queue to Exchange complaint_exchange with Routing Key complaint.infrastructure
2025-04-01 14:48:06 [main] INFO  com.backend.demo.config.RabbitMQConfig - Binding Queue electricity_queue to Exchange complaint_exchange with Routing Key complaint.electricity
2025-04-01 14:48:06 [main] INFO  com.backend.demo.config.RabbitMQConfig - Binding Queue legal_queue to Exchange complaint_exchange with Routing Key complaint.legal
2025-04-01 14:48:06 [main] WARN  org.springframework.boot.autoconfigure.orm.jpa.JpaBaseConfiguration$JpaWebConfiguration - spring.jpa.open-in-view is enabled by default. Therefore, database queries may be performed during view rendering. Explicitly configure spring.jpa.open-in-view to disable this warning
2025-04-01 14:48:07 [main] INFO  org.apache.coyote.http11.Http11NioProtocol - Starting ProtocolHandler ["http-nio-8080"]
2025-04-01 14:48:07 [main] WARN  org.springframework.boot.web.servlet.context.AnnotationConfigServletWebServerApplicationContext - Exception encountered during context initialization - cancelling refresh attempt: org.springframework.context.ApplicationContextException: Failed to start bean 'webServerStartStop'
2025-04-01 14:48:07 [main] INFO  org.springframework.orm.jpa.LocalContainerEntityManagerFactoryBean - Closing JPA EntityManagerFactory for persistence unit 'default'
2025-04-01 14:48:07 [main] INFO  com.zaxxer.hikari.HikariDataSource - HikariPool-1 - Shutdown initiated...
2025-04-01 14:48:08 [main] INFO  com.zaxxer.hikari.HikariDataSource - HikariPool-1 - Shutdown completed.
2025-04-01 14:48:08 [main] INFO  org.springframework.boot.autoconfigure.logging.ConditionEvaluationReportLogger - 

Error starting ApplicationContext. To display the condition evaluation report re-run your application with 'debug' enabled.
2025-04-01 14:48:08 [main] ERROR org.springframework.boot.diagnostics.LoggingFailureAnalysisReporter - 

***************************
APPLICATION FAILED TO START
***************************

Description:

Web server failed to start. Port 8080 was already in use.

Action:

Identify and stop the process that's listening on port 8080 or configure this application to listen on another port.

2025-04-01 17:37:01 [main] INFO  com.backend.demo.DemoApplication - Starting DemoApplication using Java 23.0.2 with PID 31608 (C:\Users\Anmol Sinha\Downloads\Backend_producer-main\Backend_producer-main\target\classes started by Anmol Sinha in C:\Users\Anmol Sinha\Downloads\Backend_producer-main)
2025-04-01 17:37:01 [main] INFO  com.backend.demo.DemoApplication - No active profile set, falling back to 1 default profile: "default"
2025-04-01 17:37:03 [main] INFO  org.springframework.data.repository.config.RepositoryConfigurationDelegate - Multiple Spring Data modules found, entering strict repository configuration mode
2025-04-01 17:37:03 [main] INFO  org.springframework.data.repository.config.RepositoryConfigurationDelegate - Bootstrapping Spring Data JPA repositories in DEFAULT mode.
2025-04-01 17:37:03 [main] INFO  org.springframework.data.repository.config.RepositoryConfigurationDelegate - Finished Spring Data repository scanning in 13 ms. Found 0 JPA repository interfaces.
2025-04-01 17:37:03 [main] INFO  org.springframework.data.repository.config.RepositoryConfigurationDelegate - Multiple Spring Data modules found, entering strict repository configuration mode
2025-04-01 17:37:03 [main] INFO  org.springframework.data.repository.config.RepositoryConfigurationDelegate - Bootstrapping Spring Data Redis repositories in DEFAULT mode.
2025-04-01 17:37:03 [main] INFO  org.springframework.data.repository.config.RepositoryConfigurationDelegate - Finished Spring Data repository scanning in 4 ms. Found 0 Redis repository interfaces.
2025-04-01 17:37:03 [main] INFO  org.springframework.boot.web.embedded.tomcat.TomcatWebServer - Tomcat initialized with port 8080 (http)
2025-04-01 17:37:04 [main] INFO  org.apache.coyote.http11.Http11NioProtocol - Initializing ProtocolHandler ["http-nio-8080"]
2025-04-01 17:37:04 [main] INFO  org.apache.catalina.core.StandardService - Starting service [Tomcat]
2025-04-01 17:37:04 [main] INFO  org.apache.catalina.core.StandardEngine - Starting Servlet engine: [Apache Tomcat/10.1.31]
2025-04-01 17:37:04 [main] INFO  org.apache.catalina.core.ContainerBase.[Tomcat].[localhost].[/] - Initializing Spring embedded WebApplicationContext
2025-04-01 17:37:04 [main] INFO  org.springframework.boot.web.servlet.context.ServletWebServerApplicationContext - Root WebApplicationContext: initialization completed in 2103 ms
2025-04-01 17:37:04 [main] INFO  org.hibernate.jpa.internal.util.LogHelper - HHH000204: Processing PersistenceUnitInfo [name: default]
2025-04-01 17:37:04 [main] INFO  org.hibernate.Version - HHH000412: Hibernate ORM core version 6.5.3.Final
2025-04-01 17:37:04 [main] INFO  org.hibernate.cache.internal.RegionFactoryInitiator - HHH000026: Second-level cache disabled
2025-04-01 17:37:04 [main] INFO  org.springframework.orm.jpa.persistenceunit.SpringPersistenceUnitInfo - No LoadTimeWeaver setup: ignoring JPA class transformer
2025-04-01 17:37:04 [main] INFO  com.zaxxer.hikari.HikariDataSource - HikariPool-1 - Starting...
2025-04-01 17:37:06 [main] INFO  com.zaxxer.hikari.pool.HikariPool - HikariPool-1 - Added connection com.mysql.cj.jdbc.ConnectionImpl@13f36d75
2025-04-01 17:37:06 [main] INFO  com.zaxxer.hikari.HikariDataSource - HikariPool-1 - Start completed.
2025-04-01 17:37:06 [main] WARN  org.hibernate.orm.deprecation - HHH90000025: MySQLDialect does not need to be specified explicitly using 'hibernate.dialect' (remove the property setting and it will be selected by default)
2025-04-01 17:37:07 [main] INFO  org.hibernate.engine.transaction.jta.platform.internal.JtaPlatformInitiator - HHH000489: No JTA platform available (set 'hibernate.transaction.jta.platform' to enable JTA platform integration)
2025-04-01 17:37:07 [main] INFO  org.springframework.orm.jpa.LocalContainerEntityManagerFactoryBean - Initialized JPA EntityManagerFactory for persistence unit 'default'
2025-04-01 17:37:07 [main] INFO  com.backend.demo.config.RabbitMQConfig - Configuring Jackson2JsonMessageConverter for RabbitMQ
2025-04-01 17:37:08 [main] INFO  com.backend.demo.config.RabbitMQConfig - Creating Direct Exchange: complaint_exchange
2025-04-01 17:37:08 [main] INFO  com.backend.demo.config.RabbitMQConfig - Creating Queue: infrastructure_queue
2025-04-01 17:37:08 [main] INFO  com.backend.demo.config.RabbitMQConfig - Creating Queue: electricity_queue
2025-04-01 17:37:08 [main] INFO  com.backend.demo.config.RabbitMQConfig - Creating Queue: legal_queue
2025-04-01 17:37:08 [main] INFO  com.backend.demo.config.RabbitMQConfig - Binding Queue infrastructure_queue to Exchange complaint_exchange with Routing Key complaint.infrastructure
2025-04-01 17:37:08 [main] INFO  com.backend.demo.config.RabbitMQConfig - Binding Queue electricity_queue to Exchange complaint_exchange with Routing Key complaint.electricity
2025-04-01 17:37:08 [main] INFO  com.backend.demo.config.RabbitMQConfig - Binding Queue legal_queue to Exchange complaint_exchange with Routing Key complaint.legal
2025-04-01 17:37:08 [main] WARN  org.springframework.boot.autoconfigure.orm.jpa.JpaBaseConfiguration$JpaWebConfiguration - spring.jpa.open-in-view is enabled by default. Therefore, database queries may be performed during view rendering. Explicitly configure spring.jpa.open-in-view to disable this warning
2025-04-01 17:37:09 [main] INFO  org.apache.coyote.http11.Http11NioProtocol - Starting ProtocolHandler ["http-nio-8080"]
2025-04-01 17:37:09 [main] INFO  org.springframework.boot.web.embedded.tomcat.TomcatWebServer - Tomcat started on port 8080 (http) with context path '/'
2025-04-01 17:37:09 [main] INFO  com.backend.demo.DemoApplication - Started DemoApplication in 7.51 seconds (process running for 8.681)
2025-04-01 17:37:09 [main] INFO  com.backend.demo.DemoApplication - Application started...
2025-04-01 17:38:15 [http-nio-8080-exec-1] INFO  org.apache.catalina.core.ContainerBase.[Tomcat].[localhost].[/] - Initializing Spring DispatcherServlet 'dispatcherServlet'
2025-04-01 17:38:15 [http-nio-8080-exec-1] INFO  org.springframework.web.servlet.DispatcherServlet - Initializing Servlet 'dispatcherServlet'
2025-04-01 17:38:15 [http-nio-8080-exec-1] INFO  org.springframework.web.servlet.DispatcherServlet - Completed initialization in 7 ms
2025-04-01 17:38:57 [SpringApplicationShutdownHook] INFO  org.springframework.orm.jpa.LocalContainerEntityManagerFactoryBean - Closing JPA EntityManagerFactory for persistence unit 'default'
2025-04-01 17:38:57 [SpringApplicationShutdownHook] INFO  com.zaxxer.hikari.HikariDataSource - HikariPool-1 - Shutdown initiated...
2025-04-01 17:38:58 [SpringApplicationShutdownHook] INFO  com.zaxxer.hikari.HikariDataSource - HikariPool-1 - Shutdown completed.
2025-04-01 17:39:03 [main] INFO  com.backend.demo.DemoApplication - Starting DemoApplication using Java 23.0.2 with PID 24092 (C:\Users\Anmol Sinha\Downloads\Backend_producer-main\Backend_producer-main\target\classes started by Anmol Sinha in C:\Users\Anmol Sinha\Downloads\Backend_producer-main)
2025-04-01 17:39:03 [main] INFO  com.backend.demo.DemoApplication - No active profile set, falling back to 1 default profile: "default"
2025-04-01 17:39:04 [main] INFO  org.springframework.data.repository.config.RepositoryConfigurationDelegate - Multiple Spring Data modules found, entering strict repository configuration mode
2025-04-01 17:39:04 [main] INFO  org.springframework.data.repository.config.RepositoryConfigurationDelegate - Bootstrapping Spring Data JPA repositories in DEFAULT mode.
2025-04-01 17:39:04 [main] INFO  org.springframework.data.repository.config.RepositoryConfigurationDelegate - Finished Spring Data repository scanning in 20 ms. Found 0 JPA repository interfaces.
2025-04-01 17:39:04 [main] INFO  org.springframework.data.repository.config.RepositoryConfigurationDelegate - Multiple Spring Data modules found, entering strict repository configuration mode
2025-04-01 17:39:04 [main] INFO  org.springframework.data.repository.config.RepositoryConfigurationDelegate - Bootstrapping Spring Data Redis repositories in DEFAULT mode.
2025-04-01 17:39:04 [main] INFO  org.springframework.data.repository.config.RepositoryConfigurationDelegate - Finished Spring Data repository scanning in 3 ms. Found 0 Redis repository interfaces.
2025-04-01 17:39:05 [main] INFO  org.springframework.boot.web.embedded.tomcat.TomcatWebServer - Tomcat initialized with port 8080 (http)
2025-04-01 17:39:05 [main] INFO  org.apache.coyote.http11.Http11NioProtocol - Initializing ProtocolHandler ["http-nio-8080"]
2025-04-01 17:39:05 [main] INFO  org.apache.catalina.core.StandardService - Starting service [Tomcat]
2025-04-01 17:39:05 [main] INFO  org.apache.catalina.core.StandardEngine - Starting Servlet engine: [Apache Tomcat/10.1.31]
2025-04-01 17:39:05 [main] INFO  org.apache.catalina.core.ContainerBase.[Tomcat].[localhost].[/] - Initializing Spring embedded WebApplicationContext
2025-04-01 17:39:05 [main] INFO  org.springframework.boot.web.servlet.context.ServletWebServerApplicationContext - Root WebApplicationContext: initialization completed in 1969 ms
2025-04-01 17:39:05 [main] INFO  org.hibernate.jpa.internal.util.LogHelper - HHH000204: Processing PersistenceUnitInfo [name: default]
2025-04-01 17:39:05 [main] INFO  org.hibernate.Version - HHH000412: Hibernate ORM core version 6.5.3.Final
2025-04-01 17:39:05 [main] INFO  org.hibernate.cache.internal.RegionFactoryInitiator - HHH000026: Second-level cache disabled
2025-04-01 17:39:06 [main] INFO  org.springframework.orm.jpa.persistenceunit.SpringPersistenceUnitInfo - No LoadTimeWeaver setup: ignoring JPA class transformer
2025-04-01 17:39:06 [main] INFO  com.zaxxer.hikari.HikariDataSource - HikariPool-1 - Starting...
2025-04-01 17:39:07 [main] INFO  com.zaxxer.hikari.pool.HikariPool - HikariPool-1 - Added connection com.mysql.cj.jdbc.ConnectionImpl@13f36d75
2025-04-01 17:39:07 [main] INFO  com.zaxxer.hikari.HikariDataSource - HikariPool-1 - Start completed.
2025-04-01 17:39:07 [main] WARN  org.hibernate.orm.deprecation - HHH90000025: MySQLDialect does not need to be specified explicitly using 'hibernate.dialect' (remove the property setting and it will be selected by default)
2025-04-01 17:39:08 [main] INFO  org.hibernate.engine.transaction.jta.platform.internal.JtaPlatformInitiator - HHH000489: No JTA platform available (set 'hibernate.transaction.jta.platform' to enable JTA platform integration)
2025-04-01 17:39:08 [main] INFO  org.springframework.orm.jpa.LocalContainerEntityManagerFactoryBean - Initialized JPA EntityManagerFactory for persistence unit 'default'
2025-04-01 17:39:08 [main] INFO  com.backend.demo.config.RabbitMQConfig - Configuring Jackson2JsonMessageConverter for RabbitMQ
2025-04-01 17:39:08 [main] INFO  com.backend.demo.config.RabbitMQConfig - Creating Direct Exchange: complaint_exchange
2025-04-01 17:39:08 [main] INFO  com.backend.demo.config.RabbitMQConfig - Creating Queue: infrastructure_queue
2025-04-01 17:39:08 [main] INFO  com.backend.demo.config.RabbitMQConfig - Creating Queue: electricity_queue
2025-04-01 17:39:08 [main] INFO  com.backend.demo.config.RabbitMQConfig - Creating Queue: legal_queue
2025-04-01 17:39:08 [main] INFO  com.backend.demo.config.RabbitMQConfig - Binding Queue infrastructure_queue to Exchange complaint_exchange with Routing Key complaint.infrastructure
2025-04-01 17:39:08 [main] INFO  com.backend.demo.config.RabbitMQConfig - Binding Queue electricity_queue to Exchange complaint_exchange with Routing Key complaint.electricity
2025-04-01 17:39:08 [main] INFO  com.backend.demo.config.RabbitMQConfig - Binding Queue legal_queue to Exchange complaint_exchange with Routing Key complaint.legal
2025-04-01 17:39:08 [main] WARN  org.springframework.boot.autoconfigure.orm.jpa.JpaBaseConfiguration$JpaWebConfiguration - spring.jpa.open-in-view is enabled by default. Therefore, database queries may be performed during view rendering. Explicitly configure spring.jpa.open-in-view to disable this warning
2025-04-01 17:39:09 [main] INFO  org.apache.coyote.http11.Http11NioProtocol - Starting ProtocolHandler ["http-nio-8080"]
2025-04-01 17:39:09 [main] INFO  org.springframework.boot.web.embedded.tomcat.TomcatWebServer - Tomcat started on port 8080 (http) with context path '/'
2025-04-01 17:39:09 [main] INFO  com.backend.demo.DemoApplication - Started DemoApplication in 6.644 seconds (process running for 7.859)
2025-04-01 17:39:09 [main] INFO  com.backend.demo.DemoApplication - Application started...
2025-04-01 17:39:19 [http-nio-8080-exec-1] INFO  org.apache.catalina.core.ContainerBase.[Tomcat].[localhost].[/] - Initializing Spring DispatcherServlet 'dispatcherServlet'
2025-04-01 17:39:19 [http-nio-8080-exec-1] INFO  org.springframework.web.servlet.DispatcherServlet - Initializing Servlet 'dispatcherServlet'
2025-04-01 17:39:19 [http-nio-8080-exec-1] INFO  org.springframework.web.servlet.DispatcherServlet - Completed initialization in 1 ms
2025-04-01 17:39:19 [http-nio-8080-exec-2] INFO  com.backend.demo.controller.ComplaintController - Received complaint creation request: Complaint{id='10', name='Anmol Sinha', issueType='electricity', description='elec.'}
2025-04-01 17:39:19 [http-nio-8080-exec-2] INFO  com.backend.demo.service.RabbitMQProducer - Sending complaint to RabbitMQ with routing key complaint.electricity: Complaint{id='10', name='Anmol Sinha', issueType='electricity', description='elec.'}
2025-04-01 17:39:19 [http-nio-8080-exec-2] INFO  org.springframework.amqp.rabbit.connection.CachingConnectionFactory - Attempting to connect to: [10.200.208.98:30280]
2025-04-01 17:39:19 [http-nio-8080-exec-2] INFO  org.springframework.amqp.rabbit.connection.CachingConnectionFactory - Created new connection: rabbitConnectionFactory#5b4ce00:0/SimpleConnection@6c2f1b19 [delegate=amqp://user@10.200.208.98:30280/, localPort=59579]
2025-04-01 17:39:19 [http-nio-8080-exec-2] INFO  com.backend.demo.controller.ComplaintController - Complaint submitted successfully!
2025-04-01 17:42:10 [http-nio-8080-exec-4] INFO  com.backend.demo.controller.ComplaintController - Received complaint creation request: Complaint{id='11', name='Viraj', issueType='electricity', description='water supply.'}
2025-04-01 17:42:10 [http-nio-8080-exec-4] INFO  com.backend.demo.service.RabbitMQProducer - Sending complaint to RabbitMQ with routing key complaint.electricity: Complaint{id='11', name='Viraj', issueType='electricity', description='water supply.'}
2025-04-01 17:42:10 [http-nio-8080-exec-4] INFO  com.backend.demo.controller.ComplaintController - Complaint submitted successfully!
2025-04-01 17:53:12 [SpringApplicationShutdownHook] INFO  org.springframework.orm.jpa.LocalContainerEntityManagerFactoryBean - Closing JPA EntityManagerFactory for persistence unit 'default'
2025-04-01 17:53:12 [SpringApplicationShutdownHook] INFO  com.zaxxer.hikari.HikariDataSource - HikariPool-1 - Shutdown initiated...
2025-04-01 17:53:12 [SpringApplicationShutdownHook] INFO  com.zaxxer.hikari.HikariDataSource - HikariPool-1 - Shutdown completed.
